list index out of rangelist index out of rangelist index out of rangelist index out of rangelist index out of rangelist index out of range
list index out of range
list index out of range
list index out of range
list index out of range
list index out of range
list index out of range
list index out of range
list index out of range
list index out of range
list index out of range
list index out of range
list index out of range
list index out of range
list index out of range
list index out of range
list index out of range
list index out of range
File：C:\Users\USER\Desktop\0504\檔案07.py,Line：23,Detaillist index out of range
File：C:\Users\USER\Desktop\0504\檔案07.py+/n,Line：23+/n,Detaillist index out of range+/n
File：C:\Users\USER\Desktop\0504\檔案07.py,Line：23,Detaillist index out of range
File：C:\Users\USER\Desktop\0504\檔案07.py,Line：23,Detaillist index out of range
File：C:\Users\USER\Desktop\0504\檔案07.py,Line：23,Detaillist index out of range
File：C:\Users\USER\Desktop\0504\檔案07.py,Line：23,Detaillist index out of range
File：C:\Users\USER\Desktop\0504\檔案07.py,Line：23,Detaillist index out of range
File：C:\Users\USER\Desktop\0504\檔案07.py,Line：23,Detaillist index out of range
File：C:\Users\USER\Desktop\0504\檔案07.py,Line：23,Detaillist index out of range
21:19:05 File：C:\Users\USER\Desktop\0504\檔案07.py,Line：24,Detail：list index out of range
21:19:08 File：C:\Users\USER\Desktop\0504\檔案07.py,Line：24,Detail：list index out of range
21:19:08 File：C:\Users\USER\Desktop\0504\檔案07.py,Line：24,Detail：list index out of range
21:19:08 File：C:\Users\USER\Desktop\0504\檔案07.py,Line：24,Detail：list index out of range
21:19:08 File：C:\Users\USER\Desktop\0504\檔案07.py,Line：24,Detail：list index out of range
